> Task :app:checkKotlinGradlePluginConfigurationErrors SKIPPED
> Task :app:preBuild UP-TO-DATE
> Task :app:preDebugBuild UP-TO-DATE
> Task :app:checkDebugAarMetadata UP-TO-DATE
> Task :app:processDebugNavigationResources UP-TO-DATE
> Task :app:compileDebugNavigationResources UP-TO-DATE
> Task :app:generateDebugResValues UP-TO-DATE
> Task :app:mapDebugSourceSetPaths UP-TO-DATE
> Task :app:generateDebugResources UP-TO-DATE
> Task :app:mergeDebugResources UP-TO-DATE
> Task :app:packageDebugResources UP-TO-DATE
> Task :app:parseDebugLocalResources UP-TO-DATE
> Task :app:createDebugCompatibleScreenManifests UP-TO-DATE
> Task :app:extractDeepLinksDebug UP-TO-DATE
> Task :app:processDebugMainManifest UP-TO-DATE
> Task :app:processDebugManifest UP-TO-DATE
> Task :app:processDebugManifestForPackage UP-TO-DATE
> Task :app:processDebugResources UP-TO-DATE
> Task :app:kspDebugKotlin
> Task :app:compileDebugKotlin
w: file:///C:/Users/Shubh/AndroidStudioProjects/DotNotes/app/src/main/java/com/folius/dotnotes/ui/NoteEditorScreen.kt:628:54 'val Icons.Filled.Label: ImageVector' is deprecated. Use the AutoMirrored version at Icons.AutoMirrored.Filled.Label.
w: file:///C:/Users/Shubh/AndroidStudioProjects/DotNotes/app/src/main/java/com/folius/dotnotes/ui/NoteEditorScreen.kt:645:71 'val Icons.Filled.ListAlt: ImageVector' is deprecated. Use the AutoMirrored version at Icons.AutoMirrored.Filled.ListAlt.
w: file:///C:/Users/Shubh/AndroidStudioProjects/DotNotes/app/src/main/java/com/folius/dotnotes/ui/NoteEditorScreen.kt:1012:57 'val Icons.Filled.Send: ImageVector' is deprecated. Use the AutoMirrored version at Icons.AutoMirrored.Filled.Send.
w: file:///C:/Users/Shubh/AndroidStudioProjects/DotNotes/app/src/main/java/com/folius/dotnotes/ui/NoteEditorScreen.kt:1371:21 'fun ClickableText(text: AnnotatedString, modifier: Modifier = ..., style: TextStyle = ..., softWrap: Boolean = ..., overflow: TextOverflow = ..., maxLines: Int = ..., onTextLayout: (TextLayoutResult) -> Unit = ..., onClick: (Int) -> Unit): Unit' is deprecated. Use Text or BasicText and pass an AnnotatedString that contains a LinkAnnotation. Check LinkAnnotation's documentation for more details and samples.
w: file:///C:/Users/Shubh/AndroidStudioProjects/DotNotes/app/src/main/java/com/folius/dotnotes/ui/NoteListScreen.kt:248:56 'val Icons.Filled.Sort: ImageVector' is deprecated. Use the AutoMirrored version at Icons.AutoMirrored.Filled.Sort.
w: file:///C:/Users/Shubh/AndroidStudioProjects/DotNotes/app/src/main/java/com/folius/dotnotes/ui/NoteListScreen.kt:624:25 'fun <T> AnchoredDraggableState(initialValue: T, positionalThreshold: (@ParameterName(...) Float) -> Float, velocityThreshold: () -> Float, snapAnimationSpec: AnimationSpec<Float>, decayAnimationSpec: DecayAnimationSpec<Float>, confirmValueChange: (@ParameterName(...) T) -> Boolean = ...): AnchoredDraggableState<T>' is deprecated. This constructor of AnchoredDraggableState has been deprecated. Please pass thresholds and animation specs to AnchoredDraggableDefaults.flingBehavior(..) instead, which can be passed to Modifier.anchoredDraggable.
w: file:///C:/Users/Shubh/AndroidStudioProjects/DotNotes/app/src/main/java/com/folius/dotnotes/ui/NoteListScreen.kt:901:60 'val Icons.Filled.Label: ImageVector' is deprecated. Use the AutoMirrored version at Icons.AutoMirrored.Filled.Label.
w: file:///C:/Users/Shubh/AndroidStudioProjects/DotNotes/app/src/main/java/com/folius/dotnotes/ui/NoteViewModel.kt:41:10 This declaration is in a preview state and can be changed in a backwards-incompatible manner with a best-effort migration. Its usage should be marked with '@kotlinx.coroutines.FlowPreview' or '@OptIn(kotlinx.coroutines.FlowPreview::class)' if you accept the drawback of relying on preview API
w: file:///C:/Users/Shubh/AndroidStudioProjects/DotNotes/app/src/main/java/com/folius/dotnotes/ui/components/TabSwitcherPill.kt:100:46 'val Icons.Filled.List: ImageVector' is deprecated. Use the AutoMirrored version at Icons.AutoMirrored.Filled.List.

BUILD SUCCESSFUL in 35s
17 actionable tasks: 2 executed, 15 up-to-date
